This is XeTeX, Version 3.141592653-2.6-0.999996 (TeX Live 2024) (preloaded format=xelatex 2024.12.15)  22 DEC 2024 18:36
entering extended mode
 restricted \write18 enabled.
 %&-line parsing enabled.
**Rodrigalvarez-Chamarro-MariadelaVega-PEC2.tex
(./Rodrigalvarez-Chamarro-MariadelaVega-PEC2.tex
LaTeX2e <2024-11-01> patch level 1
L3 programming layer <2024-11-02>
(c:/Users/Vega/AppData/Roaming/TinyTeX/texmf-dist/tex/latex/base/article.cls
Document Class: article 2024/06/29 v1.4n Standard LaTeX document class
(c:/Users/Vega/AppData/Roaming/TinyTeX/texmf-dist/tex/latex/base/size10.clo
File: size10.clo 2024/06/29 v1.4n Standard LaTeX file (size option)
)
\c@part=\count192
\c@section=\count193
\c@subsection=\count194
\c@subsubsection=\count195
\c@paragraph=\count196
\c@subparagraph=\count197
\c@figure=\count198
\c@table=\count199
\abovecaptionskip=\skip49
\belowcaptionskip=\skip50
\bibindent=\dimen141
) (c:/Users/Vega/AppData/Roaming/TinyTeX/texmf-dist/tex/latex/amsmath/amsmath.sty
Package: amsmath 2024/11/05 v2.17t AMS math features
\@mathmargin=\skip51
For additional information on amsmath, use the `?' option.
(c:/Users/Vega/AppData/Roaming/TinyTeX/texmf-dist/tex/latex/amsmath/amstext.sty
Package: amstext 2021/08/26 v2.01 AMS text
(c:/Users/Vega/AppData/Roaming/TinyTeX/texmf-dist/tex/latex/amsmath/amsgen.sty
File: amsgen.sty 1999/11/30 v2.0 generic functions
\@emptytoks=\toks17
\ex@=\dimen142
)) (c:/Users/Vega/AppData/Roaming/TinyTeX/texmf-dist/tex/latex/amsmath/amsbsy.sty
Package: amsbsy 1999/11/29 v1.2d Bold Symbols
\pmbraise@=\dimen143
) (c:/Users/Vega/AppData/Roaming/TinyTeX/texmf-dist/tex/latex/amsmath/amsopn.sty
Package: amsopn 2022/04/08 v2.04 operator names
)
\inf@bad=\count266
LaTeX Info: Redefining \frac on input line 233.
\uproot@=\count267
\leftroot@=\count268
LaTeX Info: Redefining \overline on input line 398.
LaTeX Info: Redefining \colon on input line 409.
\classnum@=\count269
\DOTSCASE@=\count270
LaTeX Info: Redefining \ldots on input line 495.
LaTeX Info: Redefining \dots on input line 498.
LaTeX Info: Redefining \cdots on input line 619.
\Mathstrutbox@=\box52
\strutbox@=\box53
LaTeX Info: Redefining \big on input line 721.
LaTeX Info: Redefining \Big on input line 722.
LaTeX Info: Redefining \bigg on input line 723.
LaTeX Info: Redefining \Bigg on input line 724.
\big@size=\dimen144
LaTeX Font Info:    Redeclaring font encoding OML on input line 742.
LaTeX Font Info:    Redeclaring font encoding OMS on input line 743.
\macc@depth=\count271
LaTeX Info: Redefining \bmod on input line 904.
LaTeX Info: Redefining \pmod on input line 909.
LaTeX Info: Redefining \smash on input line 939.
LaTeX Info: Redefining \relbar on input line 969.
LaTeX Info: Redefining \Relbar on input line 970.
\c@MaxMatrixCols=\count272
\dotsspace@=\muskip17
\c@parentequation=\count273
\dspbrk@lvl=\count274
\tag@help=\toks18
\row@=\count275
\column@=\count276
\maxfields@=\count277
\andhelp@=\toks19
\eqnshift@=\dimen145
\alignsep@=\dimen146
\tagshift@=\dimen147
\tagwidth@=\dimen148
\totwidth@=\dimen149
\lineht@=\dimen150
\@envbody=\toks20
\multlinegap=\skip52
\multlinetaggap=\skip53
\mathdisplay@stack=\toks21
LaTeX Info: Redefining \[ on input line 2953.
LaTeX Info: Redefining \] on input line 2954.
) (c:/Users/Vega/AppData/Roaming/TinyTeX/texmf-dist/tex/latex/amsfonts/amssymb.sty
Package: amssymb 2013/01/14 v3.01 AMS font symbols
(c:/Users/Vega/AppData/Roaming/TinyTeX/texmf-dist/tex/latex/amsfonts/amsfonts.sty
Package: amsfonts 2013/01/14 v3.01 Basic AMSFonts support
\symAMSa=\mathgroup4
\symAMSb=\mathgroup5
LaTeX Font Info:    Redeclaring math symbol \hbar on input line 98.
LaTeX Font Info:    Overwriting math alphabet `\mathfrak' in version `bold'
(Font)                  U/euf/m/n --> U/euf/b/n on input line 106.
)) (c:/Users/Vega/AppData/Roaming/TinyTeX/texmf-dist/tex/generic/iftex/iftex.sty
Package: iftex 2024/12/12 v1.0g TeX engine tests
) (c:/Users/Vega/AppData/Roaming/TinyTeX/texmf-dist/tex/latex/unicode-math/unicode-math.sty (c:/Users/Vega/AppData/Roaming/TinyTeX/texmf-dist/tex/latex/l3kernel/expl3.sty
Package: expl3 2024-11-02 L3 programming layer (loader) 
(c:/Users/Vega/AppData/Roaming/TinyTeX/texmf-dist/tex/latex/l3backend/l3backend-xetex.def
File: l3backend-xetex.def 2024-05-08 L3 backend support: XeTeX
\g__graphics_track_int=\count278
\l__pdf_internal_box=\box54
\g__pdf_backend_annotation_int=\count279
\g__pdf_backend_link_int=\count280
))
Package: unicode-math 2023/08/13 v0.8r Unicode maths in XeLaTeX and LuaLaTeX
(c:/Users/Vega/AppData/Roaming/TinyTeX/texmf-dist/tex/latex/unicode-math/unicode-math-xetex.sty
Package: unicode-math-xetex 2023/08/13 v0.8r Unicode maths in XeLaTeX and LuaLaTeX
(c:/Users/Vega/AppData/Roaming/TinyTeX/texmf-dist/tex/latex/l3packages/xparse/xparse.sty
Package: xparse 2024-08-16 L3 Experimental document command parser
) (c:/Users/Vega/AppData/Roaming/TinyTeX/texmf-dist/tex/latex/l3packages/l3keys2e/l3keys2e.sty
Package: l3keys2e 2024-08-16 LaTeX2e option processing using LaTeX3 keys
) (c:/Users/Vega/AppData/Roaming/TinyTeX/texmf-dist/tex/latex/fontspec/fontspec.sty
Package: fontspec 2024/05/11 v2.9e Font selection for XeLaTeX and LuaLaTeX
(c:/Users/Vega/AppData/Roaming/TinyTeX/texmf-dist/tex/latex/fontspec/fontspec-xetex.sty
Package: fontspec-xetex 2024/05/11 v2.9e Font selection for XeLaTeX and LuaLaTeX
\l__fontspec_script_int=\count281
\l__fontspec_language_int=\count282
\l__fontspec_strnum_int=\count283
\l__fontspec_tmp_int=\count284
\l__fontspec_tmpa_int=\count285
\l__fontspec_tmpb_int=\count286
\l__fontspec_tmpc_int=\count287
\l__fontspec_em_int=\count288
\l__fontspec_emdef_int=\count289
\l__fontspec_strong_int=\count290
\l__fontspec_strongdef_int=\count291
\l__fontspec_tmpa_dim=\dimen151
\l__fontspec_tmpb_dim=\dimen152
\l__fontspec_tmpc_dim=\dimen153
(c:/Users/Vega/AppData/Roaming/TinyTeX/texmf-dist/tex/latex/base/fontenc.sty
Package: fontenc 2021/04/29 v2.0v Standard LaTeX package
) (c:/Users/Vega/AppData/Roaming/TinyTeX/texmf-dist/tex/latex/fontspec/fontspec.cfg))) (c:/Users/Vega/AppData/Roaming/TinyTeX/texmf-dist/tex/latex/base/fix-cm.sty
Package: fix-cm 2020/11/24 v1.1t fixes to LaTeX
(c:/Users/Vega/AppData/Roaming/TinyTeX/texmf-dist/tex/latex/base/ts1enc.def
File: ts1enc.def 2001/06/05 v3.0e (jk/car/fm) Standard LaTeX file
LaTeX Font Info:    Redeclaring font encoding TS1 on input line 47.
))
\g__um_fam_int=\count292
\g__um_fonts_used_int=\count293
\l__um_primecount_int=\count294
\g__um_primekern_muskip=\muskip18
(c:/Users/Vega/AppData/Roaming/TinyTeX/texmf-dist/tex/latex/unicode-math/unicode-math-table.tex))) (c:/Users/Vega/AppData/Roaming/TinyTeX/texmf-dist/tex/latex/lm/lmodern.sty
Package: lmodern 2015/05/01 v1.6.1 Latin Modern Fonts
LaTeX Font Info:    Overwriting symbol font `operators' in version `normal'
(Font)                  OT1/cmr/m/n --> OT1/lmr/m/n on input line 22.
LaTeX Font Info:    Overwriting symbol font `letters' in version `normal'
(Font)                  OML/cmm/m/it --> OML/lmm/m/it on input line 23.
LaTeX Font Info:    Overwriting symbol font `symbols' in version `normal'
(Font)                  OMS/cmsy/m/n --> OMS/lmsy/m/n on input line 24.
LaTeX Font Info:    Overwriting symbol font `largesymbols' in version `normal'
(Font)                  OMX/cmex/m/n --> OMX/lmex/m/n on input line 25.
LaTeX Font Info:    Overwriting symbol font `operators' in version `bold'
(Font)                  OT1/cmr/bx/n --> OT1/lmr/bx/n on input line 26.
LaTeX Font Info:    Overwriting symbol font `letters' in version `bold'
(Font)                  OML/cmm/b/it --> OML/lmm/b/it on input line 27.
LaTeX Font Info:    Overwriting symbol font `symbols' in version `bold'
(Font)                  OMS/cmsy/b/n --> OMS/lmsy/b/n on input line 28.
LaTeX Font Info:    Overwriting symbol font `largesymbols' in version `bold'
(Font)                  OMX/cmex/m/n --> OMX/lmex/m/n on input line 29.
LaTeX Font Info:    Overwriting math alphabet `\mathbf' in version `normal'
(Font)                  OT1/cmr/bx/n --> OT1/lmr/bx/n on input line 31.
LaTeX Font Info:    Overwriting math alphabet `\mathsf' in version `normal'
(Font)                  OT1/cmss/m/n --> OT1/lmss/m/n on input line 32.
LaTeX Font Info:    Overwriting math alphabet `\mathit' in version `normal'
(Font)                  OT1/cmr/m/it --> OT1/lmr/m/it on input line 33.
LaTeX Font Info:    Overwriting math alphabet `\mathtt' in version `normal'
(Font)                  OT1/cmtt/m/n --> OT1/lmtt/m/n on input line 34.
LaTeX Font Info:    Overwriting math alphabet `\mathbf' in version `bold'
(Font)                  OT1/cmr/bx/n --> OT1/lmr/bx/n on input line 35.
LaTeX Font Info:    Overwriting math alphabet `\mathsf' in version `bold'
(Font)                  OT1/cmss/bx/n --> OT1/lmss/bx/n on input line 36.
LaTeX Font Info:    Overwriting math alphabet `\mathit' in version `bold'
(Font)                  OT1/cmr/bx/it --> OT1/lmr/bx/it on input line 37.
LaTeX Font Info:    Overwriting math alphabet `\mathtt' in version `bold'
(Font)                  OT1/cmtt/m/n --> OT1/lmtt/m/n on input line 38.
) (c:/Users/Vega/AppData/Roaming/TinyTeX/texmf-dist/tex/latex/xcolor/xcolor.sty
Package: xcolor 2024/09/29 v3.02 LaTeX color extensions (UK)
(c:/Users/Vega/AppData/Roaming/TinyTeX/texmf-dist/tex/latex/graphics-cfg/color.cfg
File: color.cfg 2016/01/02 v1.6 sample color configuration
)
Package xcolor Info: Driver file: xetex.def on input line 274.
(c:/Users/Vega/AppData/Roaming/TinyTeX/texmf-dist/tex/latex/graphics-def/xetex.def
File: xetex.def 2022/09/22 v5.0n Graphics/color driver for xetex
) (c:/Users/Vega/AppData/Roaming/TinyTeX/texmf-dist/tex/latex/graphics/mathcolor.ltx)
Package xcolor Info: Model `cmy' substituted by `cmy0' on input line 1349.
Package xcolor Info: Model `RGB' extended on input line 1365.
Package xcolor Info: Model `HTML' substituted by `rgb' on input line 1367.
Package xcolor Info: Model `Hsb' substituted by `hsb' on input line 1368.
Package xcolor Info: Model `tHsb' substituted by `hsb' on input line 1369.
Package xcolor Info: Model `HSB' substituted by `hsb' on input line 1370.
Package xcolor Info: Model `Gray' substituted by `gray' on input line 1371.
Package xcolor Info: Model `wave' substituted by `hsb' on input line 1372.
) (c:/Users/Vega/AppData/Roaming/TinyTeX/texmf-dist/tex/latex/geometry/geometry.sty
Package: geometry 2020/01/02 v5.9 Page Geometry
(c:/Users/Vega/AppData/Roaming/TinyTeX/texmf-dist/tex/latex/graphics/keyval.sty
Package: keyval 2022/05/29 v1.15 key=value parser (DPC)
\KV@toks@=\toks22
) (c:/Users/Vega/AppData/Roaming/TinyTeX/texmf-dist/tex/generic/iftex/ifvtex.sty
Package: ifvtex 2019/10/25 v1.7 ifvtex legacy package. Use iftex instead.
)
\Gm@cnth=\count295
\Gm@cntv=\count296
\c@Gm@tempcnt=\count297
\Gm@bindingoffset=\dimen154
\Gm@wd@mp=\dimen155
\Gm@odd@mp=\dimen156
\Gm@even@mp=\dimen157
\Gm@layoutwidth=\dimen158
\Gm@layoutheight=\dimen159
\Gm@layouthoffset=\dimen160
\Gm@layoutvoffset=\dimen161
\Gm@dimlist=\toks23
) (c:/Users/Vega/AppData/Roaming/TinyTeX/texmf-dist/tex/latex/fancyvrb/fancyvrb.sty
Package: fancyvrb 2024/01/20 4.5c verbatim text (tvz,hv)
\FV@CodeLineNo=\count298
\FV@InFile=\read2
\FV@TabBox=\box55
\c@FancyVerbLine=\count299
\FV@StepNumber=\count300
\FV@OutFile=\write3
) (c:/Users/Vega/AppData/Roaming/TinyTeX/texmf-dist/tex/latex/framed/framed.sty
Package: framed 2011/10/22 v 0.96: framed or shaded text with page breaks
\OuterFrameSep=\skip54
\fb@frw=\dimen162
\fb@frh=\dimen163
\FrameRule=\dimen164
\FrameSep=\dimen165
) (c:/Users/Vega/AppData/Roaming/TinyTeX/texmf-dist/tex/latex/tools/longtable.sty
Package: longtable 2024-10-27 v4.22 Multi-page Table package (DPC)
\LTleft=\skip55
\LTright=\skip56
\LTpre=\skip57
\LTpost=\skip58
\LTchunksize=\count301
\LTcapwidth=\dimen166
\LT@head=\box56
\LT@firsthead=\box57
\LT@foot=\box58
\LT@lastfoot=\box59
\LT@gbox=\box60
\LT@cols=\count302
\LT@rows=\count303
\c@LT@tables=\count304
\c@LT@chunks=\count305
\LT@p@ftn=\toks24
) (c:/Users/Vega/AppData/Roaming/TinyTeX/texmf-dist/tex/latex/booktabs/booktabs.sty
Package: booktabs 2020/01/12 v1.61803398 Publication quality tables
\heavyrulewidth=\dimen167
\lightrulewidth=\dimen168
\cmidrulewidth=\dimen169
\belowrulesep=\dimen170
\belowbottomsep=\dimen171
\aboverulesep=\dimen172
\abovetopsep=\dimen173
\cmidrulesep=\dimen174
\cmidrulekern=\dimen175
\defaultaddspace=\dimen176
\@cmidla=\count306
\@cmidlb=\count307
\@aboverulesep=\dimen177
\@belowrulesep=\dimen178
\@thisruleclass=\count308
\@lastruleclass=\count309
\@thisrulewidth=\dimen179
) (c:/Users/Vega/AppData/Roaming/TinyTeX/texmf-dist/tex/latex/tools/array.sty
Package: array 2024/10/17 v2.6g Tabular extension package (FMi)
\col@sep=\dimen180
\ar@mcellbox=\box61
\extrarowheight=\dimen181
\NC@list=\toks25
\extratabsurround=\skip59
\backup@length=\skip60
\ar@cellbox=\box62
) (c:/Users/Vega/AppData/Roaming/TinyTeX/texmf-dist/tex/latex/tools/calc.sty
Package: calc 2023/07/08 v4.3 Infix arithmetic (KKT,FJ)
\calc@Acount=\count310
\calc@Bcount=\count311
\calc@Adimen=\dimen182
\calc@Bdimen=\dimen183
\calc@Askip=\skip61
\calc@Bskip=\skip62
LaTeX Info: Redefining \setlength on input line 80.
LaTeX Info: Redefining \addtolength on input line 81.
\calc@Ccount=\count312
\calc@Cskip=\skip63
) (c:/Users/Vega/AppData/Roaming/TinyTeX/texmf-dist/tex/latex/etoolbox/etoolbox.sty
Package: etoolbox 2020/10/05 v2.5k e-TeX tools for LaTeX (JAW)
\etb@tempcnta=\count313
) (c:/Users/Vega/AppData/Roaming/TinyTeX/texmf-dist/tex/latex/mdwtools/footnote.sty
Package: footnote 1997/01/28 1.13 Save footnotes around boxes
\fn@notes=\box63
\fn@width=\dimen184
) (c:/Users/Vega/AppData/Roaming/TinyTeX/texmf-dist/tex/latex/graphics/graphicx.sty
Package: graphicx 2021/09/16 v1.2d Enhanced LaTeX Graphics (DPC,SPQR)
(c:/Users/Vega/AppData/Roaming/TinyTeX/texmf-dist/tex/latex/graphics/graphics.sty
Package: graphics 2024/08/06 v1.4g Standard LaTeX Graphics (DPC,SPQR)
(c:/Users/Vega/AppData/Roaming/TinyTeX/texmf-dist/tex/latex/graphics/trig.sty
Package: trig 2023/12/02 v1.11 sin cos tan (DPC)
) (c:/Users/Vega/AppData/Roaming/TinyTeX/texmf-dist/tex/latex/graphics-cfg/graphics.cfg
File: graphics.cfg 2016/06/04 v1.11 sample graphics configuration
)
Package graphics Info: Driver file: xetex.def on input line 106.
)
\Gin@req@height=\dimen185
\Gin@req@width=\dimen186
) (c:/Users/Vega/AppData/Roaming/TinyTeX/texmf-dist/tex/latex/bookmark/bookmark.sty
Package: bookmark 2023-12-10 v1.31 PDF bookmarks (HO)
(c:/Users/Vega/AppData/Roaming/TinyTeX/texmf-dist/tex/latex/hyperref/hyperref.sty
Package: hyperref 2024-11-05 v7.01l Hypertext links for LaTeX
(c:/Users/Vega/AppData/Roaming/TinyTeX/texmf-dist/tex/latex/kvsetkeys/kvsetkeys.sty
Package: kvsetkeys 2022-10-05 v1.19 Key value parser (HO)
) (c:/Users/Vega/AppData/Roaming/TinyTeX/texmf-dist/tex/generic/kvdefinekeys/kvdefinekeys.sty
Package: kvdefinekeys 2019-12-19 v1.6 Define keys (HO)
) (c:/Users/Vega/AppData/Roaming/TinyTeX/texmf-dist/tex/generic/pdfescape/pdfescape.sty
Package: pdfescape 2019/12/09 v1.15 Implements pdfTeX's escape features (HO)
(c:/Users/Vega/AppData/Roaming/TinyTeX/texmf-dist/tex/generic/ltxcmds/ltxcmds.sty
Package: ltxcmds 2023-12-04 v1.26 LaTeX kernel commands for general use (HO)
) (c:/Users/Vega/AppData/Roaming/TinyTeX/texmf-dist/tex/generic/pdftexcmds/pdftexcmds.sty
Package: pdftexcmds 2020-06-27 v0.33 Utility functions of pdfTeX for LuaTeX (HO)
(c:/Users/Vega/AppData/Roaming/TinyTeX/texmf-dist/tex/generic/infwarerr/infwarerr.sty
Package: infwarerr 2019/12/03 v1.5 Providing info/warning/error messages (HO)
)
Package pdftexcmds Info: \pdf@primitive is available.
Package pdftexcmds Info: \pdf@ifprimitive is available.
Package pdftexcmds Info: \pdfdraftmode not found.
)) (c:/Users/Vega/AppData/Roaming/TinyTeX/texmf-dist/tex/latex/hycolor/hycolor.sty
Package: hycolor 2020-01-27 v1.10 Color options for hyperref/bookmark (HO)
) (c:/Users/Vega/AppData/Roaming/TinyTeX/texmf-dist/tex/latex/hyperref/nameref.sty
Package: nameref 2023-11-26 v2.56 Cross-referencing by name of section
(c:/Users/Vega/AppData/Roaming/TinyTeX/texmf-dist/tex/latex/refcount/refcount.sty
Package: refcount 2019/12/15 v3.6 Data extraction from label references (HO)
) (c:/Users/Vega/AppData/Roaming/TinyTeX/texmf-dist/tex/generic/gettitlestring/gettitlestring.sty
Package: gettitlestring 2019/12/15 v1.6 Cleanup title references (HO)
(c:/Users/Vega/AppData/Roaming/TinyTeX/texmf-dist/tex/latex/kvoptions/kvoptions.sty
Package: kvoptions 2022-06-15 v3.15 Key value format for package options (HO)
))
\c@section@level=\count314
) (c:/Users/Vega/AppData/Roaming/TinyTeX/texmf-dist/tex/generic/stringenc/stringenc.sty
Package: stringenc 2019/11/29 v1.12 Convert strings between diff. encodings (HO)
)
\@linkdim=\dimen187
\Hy@linkcounter=\count315
\Hy@pagecounter=\count316
(c:/Users/Vega/AppData/Roaming/TinyTeX/texmf-dist/tex/latex/hyperref/pd1enc.def
File: pd1enc.def 2024-11-05 v7.01l Hyperref: PDFDocEncoding definition (HO)
) (c:/Users/Vega/AppData/Roaming/TinyTeX/texmf-dist/tex/generic/intcalc/intcalc.sty
Package: intcalc 2019/12/15 v1.3 Expandable calculations with integers (HO)
)
\Hy@SavedSpaceFactor=\count317
(c:/Users/Vega/AppData/Roaming/TinyTeX/texmf-dist/tex/latex/hyperref/puenc.def
File: puenc.def 2024-11-05 v7.01l Hyperref: PDF Unicode definition (HO)
)
Package hyperref Info: Option `unicode' set `true' on input line 4040.
Package hyperref Info: Hyper figures OFF on input line 4157.
Package hyperref Info: Link nesting OFF on input line 4162.
Package hyperref Info: Hyper index ON on input line 4165.
Package hyperref Info: Plain pages OFF on input line 4172.
Package hyperref Info: Backreferencing OFF on input line 4177.
Package hyperref Info: Implicit mode ON; LaTeX internals redefined.
Package hyperref Info: Bookmarks ON on input line 4424.
\c@Hy@tempcnt=\count318
(c:/Users/Vega/AppData/Roaming/TinyTeX/texmf-dist/tex/latex/url/url.sty
\Urlmuskip=\muskip19
Package: url 2013/09/16  ver 3.4  Verb mode for urls, etc.
)
LaTeX Info: Redefining \url on input line 4763.
\XeTeXLinkMargin=\dimen188
(c:/Users/Vega/AppData/Roaming/TinyTeX/texmf-dist/tex/generic/bitset/bitset.sty
Package: bitset 2019/12/09 v1.3 Handle bit-vector datatype (HO)
(c:/Users/Vega/AppData/Roaming/TinyTeX/texmf-dist/tex/generic/bigintcalc/bigintcalc.sty
Package: bigintcalc 2019/12/15 v1.5 Expandable calculations on big integers (HO)
))
\Fld@menulength=\count319
\Field@Width=\dimen189
\Fld@charsize=\dimen190
Package hyperref Info: Hyper figures OFF on input line 6042.
Package hyperref Info: Link nesting OFF on input line 6047.
Package hyperref Info: Hyper index ON on input line 6050.
Package hyperref Info: backreferencing OFF on input line 6057.
Package hyperref Info: Link coloring OFF on input line 6062.
Package hyperref Info: Link coloring with OCG OFF on input line 6067.
Package hyperref Info: PDF/A mode OFF on input line 6072.
(c:/Users/Vega/AppData/Roaming/TinyTeX/texmf-dist/tex/latex/base/atbegshi-ltx.sty
Package: atbegshi-ltx 2021/01/10 v1.0c Emulation of the original atbegshi
package with kernel methods
)
\Hy@abspage=\count320
\c@Item=\count321
\c@Hfootnote=\count322
)
Package hyperref Info: Driver (autodetected): hxetex.
(c:/Users/Vega/AppData/Roaming/TinyTeX/texmf-dist/tex/latex/hyperref/hxetex.def
File: hxetex.def 2024-11-05 v7.01l Hyperref driver for XeTeX
\pdfm@box=\box64
\c@Hy@AnnotLevel=\count323
\HyField@AnnotCount=\count324
\Fld@listcount=\count325
\c@bookmark@seq@number=\count326
(c:/Users/Vega/AppData/Roaming/TinyTeX/texmf-dist/tex/latex/rerunfilecheck/rerunfilecheck.sty
Package: rerunfilecheck 2022-07-10 v1.10 Rerun checks for auxiliary files (HO)
(c:/Users/Vega/AppData/Roaming/TinyTeX/texmf-dist/tex/latex/base/atveryend-ltx.sty
Package: atveryend-ltx 2020/08/19 v1.0a Emulation of the original atveryend package
with kernel methods
) (c:/Users/Vega/AppData/Roaming/TinyTeX/texmf-dist/tex/generic/uniquecounter/uniquecounter.sty
Package: uniquecounter 2019/12/15 v1.4 Provide unlimited unique counter (HO)
)
Package uniquecounter Info: New unique counter `rerunfilecheck' on input line 285.
)
\Hy@SectionHShift=\skip64
) (c:/Users/Vega/AppData/Roaming/TinyTeX/texmf-dist/tex/latex/bookmark/bkm-dvipdfm.def
File: bkm-dvipdfm.def 2023-12-10 v1.31 bookmark driver for dvipdfm (HO)
\BKM@id=\count327
)) (./Rodrigalvarez-Chamarro-MariadelaVega-PEC2.aux

LaTeX Warning: Label `fig:g8' multiply defined.


LaTeX Warning: Label `fig:g10'' multiply defined.


LaTeX Warning: Label `fig:g12'' multiply defined.


LaTeX Warning: Label `fig:g14'' multiply defined.

)
\openout1 = `Rodrigalvarez-Chamarro-MariadelaVega-PEC2.aux'.

LaTeX Font Info:    Checking defaults for OML/cmm/m/it on input line 123.
LaTeX Font Info:    ... okay on input line 123.
LaTeX Font Info:    Checking defaults for OMS/cmsy/m/n on input line 123.
LaTeX Font Info:    ... okay on input line 123.
LaTeX Font Info:    Checking defaults for OT1/cmr/m/n on input line 123.
LaTeX Font Info:    ... okay on input line 123.
LaTeX Font Info:    Checking defaults for T1/cmr/m/n on input line 123.
LaTeX Font Info:    ... okay on input line 123.
LaTeX Font Info:    Checking defaults for TS1/cmr/m/n on input line 123.
LaTeX Font Info:    ... okay on input line 123.
LaTeX Font Info:    Checking defaults for TU/lmr/m/n on input line 123.
LaTeX Font Info:    ... okay on input line 123.
LaTeX Font Info:    Checking defaults for OMX/cmex/m/n on input line 123.
LaTeX Font Info:    ... okay on input line 123.
LaTeX Font Info:    Checking defaults for U/cmr/m/n on input line 123.
LaTeX Font Info:    ... okay on input line 123.
LaTeX Font Info:    Checking defaults for PD1/pdf/m/n on input line 123.
LaTeX Font Info:    ... okay on input line 123.
LaTeX Font Info:    Checking defaults for PU/pdf/m/n on input line 123.
LaTeX Font Info:    ... okay on input line 123.
LaTeX Font Info:    Overwriting math alphabet `\mathrm' in version `normal'
(Font)                  OT1/lmr/m/n --> TU/lmr/m/n on input line 123.
LaTeX Font Info:    Overwriting math alphabet `\mathit' in version `normal'
(Font)                  OT1/lmr/m/it --> TU/lmr/m/it on input line 123.
LaTeX Font Info:    Overwriting math alphabet `\mathbf' in version `normal'
(Font)                  OT1/lmr/bx/n --> TU/lmr/bx/n on input line 123.
LaTeX Font Info:    Overwriting math alphabet `\mathsf' in version `normal'
(Font)                  OT1/lmss/m/n --> TU/lmss/m/n on input line 123.
LaTeX Font Info:    Overwriting math alphabet `\mathsf' in version `bold'
(Font)                  OT1/lmss/bx/n --> TU/lmss/bx/n on input line 123.
LaTeX Font Info:    Overwriting math alphabet `\mathtt' in version `normal'
(Font)                  OT1/lmtt/m/n --> TU/lmtt/m/n on input line 123.
LaTeX Font Info:    Overwriting math alphabet `\mathtt' in version `bold'
(Font)                  OT1/lmtt/m/n --> TU/lmtt/bx/n on input line 123.

Package fontspec Info: 
(fontspec)             latinmodern-math scale = 0.9999964596882403.


Package fontspec Info: 
(fontspec)             latinmodern-math scale = 0.9999964596882403.


Package fontspec Info: 
(fontspec)             latinmodern-math scale = 0.9999964596882403.


Package fontspec Info: 
(fontspec)             Font family 'latinmodern-math.otf(0)' created for font
(fontspec)             'latinmodern-math.otf' with options
(fontspec)             [Scale=MatchLowercase,BoldItalicFont={},ItalicFont={},SmallCapsFont={},Script=Math,BoldFont={latinmodern-math.otf}].
(fontspec)              
(fontspec)              This font family consists of the following NFSS
(fontspec)             series/shapes:
(fontspec)              
(fontspec)             - 'normal' (m/n) with NFSS spec.:
(fontspec)             <->s*[0.9999964596882403]"[latinmodern-math.otf]/OT:script=math;language=dflt;"
(fontspec)             - 'bold' (b/n) with NFSS spec.:
(fontspec)             <->s*[0.9999964596882403]"[latinmodern-math.otf]/OT:script=math;language=dflt;"

LaTeX Font Info:    Font shape `TU/latinmodern-math.otf(0)/m/n' will be
(Font)              scaled to size 10.0pt on input line 123.

Package fontspec Info: 
(fontspec)             latinmodern-math scale = 0.9999964596882403.


Package fontspec Info: 
(fontspec)             latinmodern-math scale = 0.9999964596882403.


Package fontspec Info: 
(fontspec)             latinmodern-math scale = 0.9999964596882403.


Package fontspec Info: 
(fontspec)             latinmodern-math scale = 0.9999964596882403.


Package fontspec Info: 
(fontspec)             latinmodern-math scale = 0.9999964596882403.


Package fontspec Info: 
(fontspec)             Font family 'latinmodern-math.otf(1)' created for font
(fontspec)             'latinmodern-math.otf' with options
(fontspec)             [Scale=MatchLowercase,BoldItalicFont={},ItalicFont={},SmallCapsFont={},Script=Math,SizeFeatures={{Size=8.5-},{Size=6-8.5,Font=latinmodern-math.otf,Style=MathScript},{Size=-6,Font=latinmodern-math.otf,Style=MathScriptScript}},BoldFont={latinmodern-math.otf}].
(fontspec)              
(fontspec)              This font family consists of the following NFSS
(fontspec)             series/shapes:
(fontspec)              
(fontspec)             - 'normal' (m/n) with NFSS spec.:
(fontspec)             <8.5->s*[0.9999964596882403]"[latinmodern-math.otf]/OT:script=math;language=dflt;"<6-8.5>s*[0.9999964596882403]"[latinmodern-math.otf]/OT:script=math;language=dflt;+ssty=0;"<-6>s*[0.9999964596882403]"[latinmodern-math.otf]/OT:script=math;language=dflt;+ssty=1;"
(fontspec)             - 'bold' (b/n) with NFSS spec.:
(fontspec)             <->s*[0.9999964596882403]"[latinmodern-math.otf]/OT:script=math;language=dflt;"

LaTeX Font Info:    Font shape `TU/latinmodern-math.otf(1)/m/n' will be
(Font)              scaled to size 10.0pt on input line 123.
LaTeX Font Info:    Encoding `OT1' has changed to `TU' for symbol font
(Font)              `operators' in the math version `normal' on input line 123.
LaTeX Font Info:    Overwriting symbol font `operators' in version `normal'
(Font)                  OT1/lmr/m/n --> TU/latinmodern-math.otf(1)/m/n on input line 123.
LaTeX Font Info:    Encoding `OT1' has changed to `TU' for symbol font
(Font)              `operators' in the math version `bold' on input line 123.
LaTeX Font Info:    Overwriting symbol font `operators' in version `bold'
(Font)                  OT1/lmr/bx/n --> TU/latinmodern-math.otf(1)/b/n on input line 123.

Package fontspec Info: 
(fontspec)             latinmodern-math scale = 0.9999964596882403.


Package fontspec Info: 
(fontspec)             latinmodern-math scale = 1.000096459334209.


Package fontspec Info: 
(fontspec)             latinmodern-math scale = 0.9999964596882403.


Package fontspec Info: 
(fontspec)             latinmodern-math scale = 1.000096459334209.


Package fontspec Info: 
(fontspec)             latinmodern-math scale = 0.9999964596882403.


Package fontspec Info: 
(fontspec)             latinmodern-math scale = 1.000096459334209.


Package fontspec Info: 
(fontspec)             latinmodern-math scale = 0.9999964596882403.


Package fontspec Info: 
(fontspec)             latinmodern-math scale = 1.000096459334209.


Package fontspec Info: 
(fontspec)             latinmodern-math scale = 0.9999964596882403.


Package fontspec Info: 
(fontspec)             latinmodern-math scale = 1.000096459334209.


Package fontspec Info: 
(fontspec)             Font family 'latinmodern-math.otf(2)' created for font
(fontspec)             'latinmodern-math.otf' with options
(fontspec)             [Scale=MatchLowercase,BoldItalicFont={},ItalicFont={},SmallCapsFont={},Script=Math,SizeFeatures={{Size=8.5-},{Size=6-8.5,Font=latinmodern-math.otf,Style=MathScript},{Size=-6,Font=latinmodern-math.otf,Style=MathScriptScript}},BoldFont={latinmodern-math.otf},ScaleAgain=1.0001,FontAdjustment={\fontdimen
(fontspec)             8\font =6.77pt\relax \fontdimen 9\font =3.94pt\relax
(fontspec)             \fontdimen 10\font =4.44pt\relax \fontdimen 11\font
(fontspec)             =6.86pt\relax \fontdimen 12\font =3.45pt\relax
(fontspec)             \fontdimen 13\font =3.63pt\relax \fontdimen 14\font
(fontspec)             =3.63pt\relax \fontdimen 15\font =2.89pt\relax
(fontspec)             \fontdimen 16\font =2.47pt\relax \fontdimen 17\font
(fontspec)             =2.47pt\relax \fontdimen 18\font =2.5pt\relax
(fontspec)             \fontdimen 19\font =2.0pt\relax \fontdimen 22\font
(fontspec)             =2.5pt\relax \fontdimen 20\font =0pt\relax \fontdimen
(fontspec)             21\font =0pt\relax }].
(fontspec)              
(fontspec)              This font family consists of the following NFSS
(fontspec)             series/shapes:
(fontspec)              
(fontspec)             - 'normal' (m/n) with NFSS spec.:
(fontspec)             <8.5->s*[1.000096459334209]"[latinmodern-math.otf]/OT:script=math;language=dflt;"<6-8.5>s*[1.000096459334209]"[latinmodern-math.otf]/OT:script=math;language=dflt;+ssty=0;"<-6>s*[1.000096459334209]"[latinmodern-math.otf]/OT:script=math;language=dflt;+ssty=1;"
(fontspec)             - 'bold' (b/n) with NFSS spec.:
(fontspec)             <->s*[1.000096459334209]"[latinmodern-math.otf]/OT:script=math;language=dflt;"

LaTeX Font Info:    Encoding `OMS' has changed to `TU' for symbol font
(Font)              `symbols' in the math version `normal' on input line 123.
LaTeX Font Info:    Overwriting symbol font `symbols' in version `normal'
(Font)                  OMS/lmsy/m/n --> TU/latinmodern-math.otf(2)/m/n on input line 123.
LaTeX Font Info:    Encoding `OMS' has changed to `TU' for symbol font
(Font)              `symbols' in the math version `bold' on input line 123.
LaTeX Font Info:    Overwriting symbol font `symbols' in version `bold'
(Font)                  OMS/lmsy/b/n --> TU/latinmodern-math.otf(2)/b/n on input line 123.

Package fontspec Info: 
(fontspec)             latinmodern-math scale = 0.9999964596882403.


Package fontspec Info: 
(fontspec)             latinmodern-math scale = 0.9998964600422715.


Package fontspec Info: 
(fontspec)             latinmodern-math scale = 0.9999964596882403.


Package fontspec Info: 
(fontspec)             latinmodern-math scale = 0.9998964600422715.


Package fontspec Info: 
(fontspec)             latinmodern-math scale = 0.9999964596882403.


Package fontspec Info: 
(fontspec)             latinmodern-math scale = 0.9998964600422715.


Package fontspec Info: 
(fontspec)             latinmodern-math scale = 0.9999964596882403.


Package fontspec Info: 
(fontspec)             latinmodern-math scale = 0.9998964600422715.


Package fontspec Info: 
(fontspec)             latinmodern-math scale = 0.9999964596882403.


Package fontspec Info: 
(fontspec)             latinmodern-math scale = 0.9998964600422715.


Package fontspec Info: 
(fontspec)             Font family 'latinmodern-math.otf(3)' created for font
(fontspec)             'latinmodern-math.otf' with options
(fontspec)             [Scale=MatchLowercase,BoldItalicFont={},ItalicFont={},SmallCapsFont={},Script=Math,SizeFeatures={{Size=8.5-},{Size=6-8.5,Font=latinmodern-math.otf,Style=MathScript},{Size=-6,Font=latinmodern-math.otf,Style=MathScriptScript}},BoldFont={latinmodern-math.otf},ScaleAgain=0.9999,FontAdjustment={\fontdimen
(fontspec)             8\font =0.4pt\relax \fontdimen 9\font =2.0pt\relax
(fontspec)             \fontdimen 10\font =1.67pt\relax \fontdimen 11\font
(fontspec)             =1.11pt\relax \fontdimen 12\font =6.0pt\relax
(fontspec)             \fontdimen 13\font =0pt\relax }].
(fontspec)              
(fontspec)              This font family consists of the following NFSS
(fontspec)             series/shapes:
(fontspec)              
(fontspec)             - 'normal' (m/n) with NFSS spec.:
(fontspec)             <8.5->s*[0.9998964600422715]"[latinmodern-math.otf]/OT:script=math;language=dflt;"<6-8.5>s*[0.9998964600422715]"[latinmodern-math.otf]/OT:script=math;language=dflt;+ssty=0;"<-6>s*[0.9998964600422715]"[latinmodern-math.otf]/OT:script=math;language=dflt;+ssty=1;"
(fontspec)             - 'bold' (b/n) with NFSS spec.:
(fontspec)             <->s*[0.9998964600422715]"[latinmodern-math.otf]/OT:script=math;language=dflt;"

LaTeX Font Info:    Encoding `OMX' has changed to `TU' for symbol font
(Font)              `largesymbols' in the math version `normal' on input line 123.
LaTeX Font Info:    Overwriting symbol font `largesymbols' in version `normal'
(Font)                  OMX/lmex/m/n --> TU/latinmodern-math.otf(3)/m/n on input line 123.
LaTeX Font Info:    Encoding `OMX' has changed to `TU' for symbol font
(Font)              `largesymbols' in the math version `bold' on input line 123.
LaTeX Font Info:    Overwriting symbol font `largesymbols' in version `bold'
(Font)                  OMX/lmex/m/n --> TU/latinmodern-math.otf(3)/b/n on input line 123.
*geometry* driver: auto-detecting
*geometry* detected driver: xetex
*geometry* verbose mode - [ preamble ] result:
* driver: xetex
* paper: <default>
* layout: <same size as paper>
* layoutoffset:(h,v)=(0.0pt,0.0pt)
* modes: 
* h-part:(L,W,R)=(72.26999pt, 469.75502pt, 72.26999pt)
* v-part:(T,H,B)=(72.26999pt, 650.43001pt, 72.26999pt)
* \paperwidth=614.295pt
* \paperheight=794.96999pt
* \textwidth=469.75502pt
* \textheight=650.43001pt
* \oddsidemargin=0.0pt
* \evensidemargin=0.0pt
* \topmargin=-37.0pt
* \headheight=12.0pt
* \headsep=25.0pt
* \topskip=10.0pt
* \footskip=30.0pt
* \marginparwidth=65.0pt
* \marginparsep=11.0pt
* \columnsep=10.0pt
* \skip\footins=9.0pt plus 4.0pt minus 2.0pt
* \hoffset=0.0pt
* \voffset=0.0pt
* \mag=1000
* \@twocolumnfalse
* \@twosidefalse
* \@mparswitchfalse
* \@reversemarginfalse
* (1in=72.27pt=25.4mm, 1cm=28.453pt)

Package hyperref Info: Link coloring OFF on input line 123.
LaTeX Font Info:    Font shape `TU/latinmodern-math.otf(1)/m/n' will be
(Font)              scaled to size 12.0pt on input line 125.
LaTeX Font Info:    Font shape `TU/latinmodern-math.otf(1)/m/n' will be
(Font)              scaled to size 8.0pt on input line 125.
LaTeX Font Info:    Font shape `TU/latinmodern-math.otf(1)/m/n' will be
(Font)              scaled to size 6.0pt on input line 125.
LaTeX Font Info:    Trying to load font information for OML+lmm on input line 125.
(c:/Users/Vega/AppData/Roaming/TinyTeX/texmf-dist/tex/latex/lm/omllmm.fd
File: omllmm.fd 2015/05/01 v1.6.1 Font defs for Latin Modern
)
LaTeX Font Info:    Font shape `TU/latinmodern-math.otf(2)/m/n' will be
(Font)              scaled to size 12.0011pt on input line 125.
LaTeX Font Info:    Font shape `TU/latinmodern-math.otf(2)/m/n' will be
(Font)              scaled to size 8.00073pt on input line 125.
LaTeX Font Info:    Font shape `TU/latinmodern-math.otf(2)/m/n' will be
(Font)              scaled to size 6.00055pt on input line 125.
LaTeX Font Info:    Font shape `TU/latinmodern-math.otf(3)/m/n' will be
(Font)              scaled to size 11.99872pt on input line 125.
LaTeX Font Info:    Font shape `TU/latinmodern-math.otf(3)/m/n' will be
(Font)              scaled to size 7.99915pt on input line 125.
LaTeX Font Info:    Font shape `TU/latinmodern-math.otf(3)/m/n' will be
(Font)              scaled to size 5.99936pt on input line 125.
LaTeX Font Info:    Trying to load font information for U+msa on input line 125.
(c:/Users/Vega/AppData/Roaming/TinyTeX/texmf-dist/tex/latex/amsfonts/umsa.fd
File: umsa.fd 2013/01/14 v3.01 AMS symbols A
)
LaTeX Font Info:    Trying to load font information for U+msb on input line 125.
(c:/Users/Vega/AppData/Roaming/TinyTeX/texmf-dist/tex/latex/amsfonts/umsb.fd
File: umsb.fd 2013/01/14 v3.01 AMS symbols B
) (./Rodrigalvarez-Chamarro-MariadelaVega-PEC2.toc
LaTeX Font Info:    Font shape `TU/latinmodern-math.otf(1)/m/n' will be
(Font)              scaled to size 7.0pt on input line 8.
LaTeX Font Info:    Font shape `TU/latinmodern-math.otf(1)/m/n' will be
(Font)              scaled to size 5.0pt on input line 8.
LaTeX Font Info:    Font shape `TU/latinmodern-math.otf(2)/m/n' will be
(Font)              scaled to size 10.00092pt on input line 8.
LaTeX Font Info:    Font shape `TU/latinmodern-math.otf(2)/m/n' will be
(Font)              scaled to size 7.00064pt on input line 8.
LaTeX Font Info:    Font shape `TU/latinmodern-math.otf(2)/m/n' will be
(Font)              scaled to size 5.00046pt on input line 8.
LaTeX Font Info:    Font shape `TU/latinmodern-math.otf(3)/m/n' will be
(Font)              scaled to size 9.99893pt on input line 8.
LaTeX Font Info:    Font shape `TU/latinmodern-math.otf(3)/m/n' will be
(Font)              scaled to size 6.99925pt on input line 8.
LaTeX Font Info:    Font shape `TU/latinmodern-math.otf(3)/m/n' will be
(Font)              scaled to size 4.99947pt on input line 8.
)
\tf@toc=\write4
\openout4 = `Rodrigalvarez-Chamarro-MariadelaVega-PEC2.toc'.



[1

]
File: Rodrigalvarez-Chamarro-MariadelaVega-PEC2_files/figure-latex/unnamed-chunk-1-1.pdf Graphic file (type pdf)
<use Rodrigalvarez-Chamarro-MariadelaVega-PEC2_files/figure-latex/unnamed-chunk-1-1.pdf>


[2]
File: Rodrigalvarez-Chamarro-MariadelaVega-PEC2_files/figure-latex/unnamed-chunk-2-1.pdf Graphic file (type pdf)
<use Rodrigalvarez-Chamarro-MariadelaVega-PEC2_files/figure-latex/unnamed-chunk-2-1.pdf>
File: Rodrigalvarez-Chamarro-MariadelaVega-PEC2_files/figure-latex/unnamed-chunk-3-1.pdf Graphic file (type pdf)
<use Rodrigalvarez-Chamarro-MariadelaVega-PEC2_files/figure-latex/unnamed-chunk-3-1.pdf>


[3]

[4]
Overfull \hbox (2.66806pt too wide) in paragraph at lines 419--419
[]|\TU/lmr/m/n/10 INF.NOTTREAT|  
 []


Overfull \hbox (2.66806pt too wide) in paragraph at lines 420--420
[]|\TU/lmr/m/n/10 INF.NOTTREAT|  
 []


Overfull \hbox (2.66806pt too wide) in paragraph at lines 421--421
[]|\TU/lmr/m/n/10 INF.NOTTREAT|  
 []


Overfull \hbox (2.66806pt too wide) in paragraph at lines 422--422
[]|\TU/lmr/m/n/10 INF.NOTTREAT|  
 []


Overfull \hbox (17.94807pt too wide) in paragraph at lines 423--423
[]|\TU/lmr/m/n/10 NOINF.NOTTREAT|  
 []


Overfull \hbox (17.94807pt too wide) in paragraph at lines 424--424
[]|\TU/lmr/m/n/10 NOINF.NOTTREAT|  
 []


Overfull \hbox (17.94807pt too wide) in paragraph at lines 425--425
[]|\TU/lmr/m/n/10 NOINF.NOTTREAT|  
 []


Overfull \hbox (17.94807pt too wide) in paragraph at lines 426--426
[]|\TU/lmr/m/n/10 NOINF.NOTTREAT|  
 []

[5]

[6]
File: Rodrigalvarez-Chamarro-MariadelaVega-PEC2_files/figure-latex/unnamed-chunk-4-1.pdf Graphic file (type pdf)
<use Rodrigalvarez-Chamarro-MariadelaVega-PEC2_files/figure-latex/unnamed-chunk-4-1.pdf>
File: Rodrigalvarez-Chamarro-MariadelaVega-PEC2_files/figure-latex/unnamed-chunk-5-1.pdf Graphic file (type pdf)
<use Rodrigalvarez-Chamarro-MariadelaVega-PEC2_files/figure-latex/unnamed-chunk-5-1.pdf>


[7]
File: Rodrigalvarez-Chamarro-MariadelaVega-PEC2_files/figure-latex/unnamed-chunk-6-1.pdf Graphic file (type pdf)
<use Rodrigalvarez-Chamarro-MariadelaVega-PEC2_files/figure-latex/unnamed-chunk-6-1.pdf>
[8]
File: Rodrigalvarez-Chamarro-MariadelaVega-PEC2_files/figure-latex/unnamed-chunk-7-1.pdf Graphic file (type pdf)
<use Rodrigalvarez-Chamarro-MariadelaVega-PEC2_files/figure-latex/unnamed-chunk-7-1.pdf>
File: Rodrigalvarez-Chamarro-MariadelaVega-PEC2_files/figure-latex/unnamed-chunk-8-1.pdf Graphic file (type pdf)
<use Rodrigalvarez-Chamarro-MariadelaVega-PEC2_files/figure-latex/unnamed-chunk-8-1.pdf>
File: Rodrigalvarez-Chamarro-MariadelaVega-PEC2_files/figure-latex/unnamed-chunk-8-2.pdf Graphic file (type pdf)
<use Rodrigalvarez-Chamarro-MariadelaVega-PEC2_files/figure-latex/unnamed-chunk-8-2.pdf>
File: Rodrigalvarez-Chamarro-MariadelaVega-PEC2_files/figure-latex/unnamed-chunk-9-1.pdf Graphic file (type pdf)
<use Rodrigalvarez-Chamarro-MariadelaVega-PEC2_files/figure-latex/unnamed-chunk-9-1.pdf>
File: Rodrigalvarez-Chamarro-MariadelaVega-PEC2_files/figure-latex/unnamed-chunk-10-1.pdf Graphic file (type pdf)
<use Rodrigalvarez-Chamarro-MariadelaVega-PEC2_files/figure-latex/unnamed-chunk-10-1.pdf>
File: Rodrigalvarez-Chamarro-MariadelaVega-PEC2_files/figure-latex/unnamed-chunk-10-2.pdf Graphic file (type pdf)
<use Rodrigalvarez-Chamarro-MariadelaVega-PEC2_files/figure-latex/unnamed-chunk-10-2.pdf>
File: Rodrigalvarez-Chamarro-MariadelaVega-PEC2_files/figure-latex/unnamed-chunk-11-1.pdf Graphic file (type pdf)
<use Rodrigalvarez-Chamarro-MariadelaVega-PEC2_files/figure-latex/unnamed-chunk-11-1.pdf>
File: Rodrigalvarez-Chamarro-MariadelaVega-PEC2_files/figure-latex/unnamed-chunk-12-1.pdf Graphic file (type pdf)
<use Rodrigalvarez-Chamarro-MariadelaVega-PEC2_files/figure-latex/unnamed-chunk-12-1.pdf>
File: Rodrigalvarez-Chamarro-MariadelaVega-PEC2_files/figure-latex/unnamed-chunk-12-2.pdf Graphic file (type pdf)
<use Rodrigalvarez-Chamarro-MariadelaVega-PEC2_files/figure-latex/unnamed-chunk-12-2.pdf>
File: Rodrigalvarez-Chamarro-MariadelaVega-PEC2_files/figure-latex/unnamed-chunk-13-1.pdf Graphic file (type pdf)
<use Rodrigalvarez-Chamarro-MariadelaVega-PEC2_files/figure-latex/unnamed-chunk-13-1.pdf>
File: Rodrigalvarez-Chamarro-MariadelaVega-PEC2_files/figure-latex/unnamed-chunk-14-1.pdf Graphic file (type pdf)
<use Rodrigalvarez-Chamarro-MariadelaVega-PEC2_files/figure-latex/unnamed-chunk-14-1.pdf>
File: Rodrigalvarez-Chamarro-MariadelaVega-PEC2_files/figure-latex/unnamed-chunk-14-2.pdf Graphic file (type pdf)
<use Rodrigalvarez-Chamarro-MariadelaVega-PEC2_files/figure-latex/unnamed-chunk-14-2.pdf>
File: Rodrigalvarez-Chamarro-MariadelaVega-PEC2_files/figure-latex/unnamed-chunk-15-1.pdf Graphic file (type pdf)
<use Rodrigalvarez-Chamarro-MariadelaVega-PEC2_files/figure-latex/unnamed-chunk-15-1.pdf>


[9]

[10]

[11]

[12]

[13]

[14]

[15]

[16]
Overfull \hbox (6.91203pt too wide) in paragraph at lines 954--954
[]|\TU/lmr/m/n/10 1427747_a_at|  
 []


Overfull \hbox (6.91203pt too wide) in paragraph at lines 955--956
[]|\TU/lmr/m/n/10 1427747_a_at|  
 []


Overfull \hbox (6.91203pt too wide) in paragraph at lines 956--956
[]|\TU/lmr/m/n/10 1419681_a_at|  
 []


Overfull \hbox (6.91203pt too wide) in paragraph at lines 957--958
[]|\TU/lmr/m/n/10 1419681_a_at|  
 []


Overfull \hbox (6.91203pt too wide) in paragraph at lines 964--964
[]|\TU/lmr/m/n/10 1436419_a_at|  
 []


Overfull \hbox (6.91203pt too wide) in paragraph at lines 965--966
[]|\TU/lmr/m/n/10 1436419_a_at|  
 []


Overfull \hbox (7.19203pt too wide) in paragraph at lines 982--982
[]|\TU/lmr/m/n/10 1433966_x_at|  
 []


Overfull \hbox (7.19203pt too wide) in paragraph at lines 983--984
[]|\TU/lmr/m/n/10 1433966_x_at|  
 []


Overfull \hbox (6.91203pt too wide) in paragraph at lines 988--988
[]|\TU/lmr/m/n/10 1426170_a_at|  
 []


Overfull \hbox (6.91203pt too wide) in paragraph at lines 989--990
[]|\TU/lmr/m/n/10 1426170_a_at|  
 []


Overfull \hbox (5.85204pt too wide) in paragraph at lines 990--990
[]|\TU/lmr/m/n/10 1447806_s_at|  
 []


Overfull \hbox (5.85204pt too wide) in paragraph at lines 991--992
[]|\TU/lmr/m/n/10 1447806_s_at|  
 []


Overfull \hbox (6.91203pt too wide) in paragraph at lines 994--994
[]|\TU/lmr/m/n/10 1450826_a_at|  
 []


Overfull \hbox (6.91203pt too wide) in paragraph at lines 995--996
[]|\TU/lmr/m/n/10 1450826_a_at|  
 []


Overfull \hbox (7.19203pt too wide) in paragraph at lines 1002--1002
[]|\TU/lmr/m/n/10 1453181_x_at|  
 []


Overfull \hbox (7.19203pt too wide) in paragraph at lines 1003--1004
[]|\TU/lmr/m/n/10 1453181_x_at|  
 []


Overfull \hbox (6.91203pt too wide) in paragraph at lines 1008--1008
[]|\TU/lmr/m/n/10 1425289_a_at|  
 []


Overfull \hbox (6.91203pt too wide) in paragraph at lines 1009--1010
[]|\TU/lmr/m/n/10 1425289_a_at|  
 []


Overfull \hbox (7.19203pt too wide) in paragraph at lines 1014--1014
[]|\TU/lmr/m/n/10 1437277_x_at|  
 []


Overfull \hbox (7.19203pt too wide) in paragraph at lines 1015--1016
[]|\TU/lmr/m/n/10 1437277_x_at|  
 []


Overfull \hbox (6.91203pt too wide) in paragraph at lines 1034--1034
[]|\TU/lmr/m/n/10 1426112_a_at|  
 []


Overfull \hbox (6.91203pt too wide) in paragraph at lines 1035--1036
[]|\TU/lmr/m/n/10 1426112_a_at|  
 []


Overfull \hbox (5.85204pt too wide) in paragraph at lines 1038--1038
[]|\TU/lmr/m/n/10 1419907_s_at|  
 []


Overfull \hbox (5.85204pt too wide) in paragraph at lines 1039--1040
[]|\TU/lmr/m/n/10 1419907_s_at|  
 []


Overfull \hbox (6.91203pt too wide) in paragraph at lines 1044--1044
[]|\TU/lmr/m/n/10 1425951_a_at|  
 []


Overfull \hbox (6.91203pt too wide) in paragraph at lines 1045--1046
[]|\TU/lmr/m/n/10 1425951_a_at|  
 []


Overfull \hbox (6.91203pt too wide) in paragraph at lines 1048--1048
[]|\TU/lmr/m/n/10 1427442_a_at|  
 []


Overfull \hbox (6.91203pt too wide) in paragraph at lines 1049--1050
[]|\TU/lmr/m/n/10 1427442_a_at|  
 []


Overfull \hbox (6.91203pt too wide) in paragraph at lines 1050--1050
[]|\TU/lmr/m/n/10 1419043_a_at|  
 []


Overfull \hbox (6.91203pt too wide) in paragraph at lines 1051--1052
[]|\TU/lmr/m/n/10 1419043_a_at|  
 []


Overfull \hbox (5.85204pt too wide) in paragraph at lines 1056--1056
[]|\TU/lmr/m/n/10 1457666_s_at|  
 []


Overfull \hbox (5.85204pt too wide) in paragraph at lines 1057--1058
[]|\TU/lmr/m/n/10 1457666_s_at|  
 []


Overfull \hbox (6.91203pt too wide) in paragraph at lines 1062--1062
[]|\TU/lmr/m/n/10 1419647_a_at|  
 []


Overfull \hbox (6.91203pt too wide) in paragraph at lines 1063--1064
[]|\TU/lmr/m/n/10 1419647_a_at|  
 []


Overfull \hbox (5.85204pt too wide) in paragraph at lines 1080--1080
[]|\TU/lmr/m/n/10 1426640_s_at|  
 []


Overfull \hbox (5.85204pt too wide) in paragraph at lines 1081--1082
[]|\TU/lmr/m/n/10 1426640_s_at|  
 []


Overfull \hbox (5.85204pt too wide) in paragraph at lines 1088--1088
[]|\TU/lmr/m/n/10 1426725_s_at|  
 []


Overfull \hbox (5.85204pt too wide) in paragraph at lines 1089--1090
[]|\TU/lmr/m/n/10 1426725_s_at|  
 []


Overfull \hbox (5.85204pt too wide) in paragraph at lines 1096--1096
[]|\TU/lmr/m/n/10 1419599_s_at|  
 []


Overfull \hbox (5.85204pt too wide) in paragraph at lines 1097--1098
[]|\TU/lmr/m/n/10 1419599_s_at|  
 []


Overfull \hbox (6.91203pt too wide) in paragraph at lines 1108--1108
[]|\TU/lmr/m/n/10 1426168_a_at|  
 []


Overfull \hbox (6.91203pt too wide) in paragraph at lines 1109--1110
[]|\TU/lmr/m/n/10 1426168_a_at|  
 []


Overfull \hbox (5.85204pt too wide) in paragraph at lines 1116--1116
[]|\TU/lmr/m/n/10 1454713_s_at|  
 []


Overfull \hbox (5.85204pt too wide) in paragraph at lines 1117--1118
[]|\TU/lmr/m/n/10 1454713_s_at|  
 []


Overfull \hbox (6.91203pt too wide) in paragraph at lines 1122--1122
[]|\TU/lmr/m/n/10 1429947_a_at|  
 []


Overfull \hbox (6.91203pt too wide) in paragraph at lines 1123--1124
[]|\TU/lmr/m/n/10 1429947_a_at|  
 []


Overfull \hbox (6.91203pt too wide) in paragraph at lines 1128--1128
[]|\TU/lmr/m/n/10 1417244_a_at|  
 []


Overfull \hbox (6.91203pt too wide) in paragraph at lines 1129--1130
[]|\TU/lmr/m/n/10 1417244_a_at|  
 []


Overfull \hbox (6.91203pt too wide) in paragraph at lines 1132--1132
[]|\TU/lmr/m/n/10 1450570_a_at|  
 []


Overfull \hbox (6.91203pt too wide) in paragraph at lines 1133--1134
[]|\TU/lmr/m/n/10 1450570_a_at|  
 []


Overfull \hbox (6.91203pt too wide) in paragraph at lines 1142--1142
[]|\TU/lmr/m/n/10 1450424_a_at|  
 []


Overfull \hbox (6.91203pt too wide) in paragraph at lines 1143--1144
[]|\TU/lmr/m/n/10 1450424_a_at|  
 []


Overfull \hbox (6.91203pt too wide) in paragraph at lines 1144--1144
[]|\TU/lmr/m/n/10 1450484_a_at|  
 []


Overfull \hbox (6.91203pt too wide) in paragraph at lines 1145--1146
[]|\TU/lmr/m/n/10 1450484_a_at|  
 []


Overfull \hbox (7.19203pt too wide) in paragraph at lines 1156--1156
[]|\TU/lmr/m/n/10 1453939_x_at|  
 []


Overfull \hbox (7.19203pt too wide) in paragraph at lines 1157--1158
[]|\TU/lmr/m/n/10 1453939_x_at|  
 []


Overfull \hbox (6.91203pt too wide) in paragraph at lines 1170--1170
[]|\TU/lmr/m/n/10 1415897_a_at|  
 []


Overfull \hbox (6.91203pt too wide) in paragraph at lines 1171--1172
[]|\TU/lmr/m/n/10 1415897_a_at|  
 []


Overfull \hbox (7.19203pt too wide) in paragraph at lines 1172--1172
[]|\TU/lmr/m/n/10 1435906_x_at|  
 []


Overfull \hbox (7.19203pt too wide) in paragraph at lines 1173--1174
[]|\TU/lmr/m/n/10 1435906_x_at|  
 []


Overfull \hbox (6.91203pt too wide) in paragraph at lines 1184--1184
[]|\TU/lmr/m/n/10 1453196_a_at|  
 []


Overfull \hbox (6.91203pt too wide) in paragraph at lines 1185--1186
[]|\TU/lmr/m/n/10 1453196_a_at|  
 []


Overfull \hbox (5.85204pt too wide) in paragraph at lines 1190--1190
[]|\TU/lmr/m/n/10 1418204_s_at|  
 []


Overfull \hbox (5.85204pt too wide) in paragraph at lines 1191--1192
[]|\TU/lmr/m/n/10 1418204_s_at|  
 []


Overfull \hbox (6.91203pt too wide) in paragraph at lines 1192--1192
[]|\TU/lmr/m/n/10 1460197_a_at|  
 []


Overfull \hbox (6.91203pt too wide) in paragraph at lines 1193--1194
[]|\TU/lmr/m/n/10 1460197_a_at|  
 []


Overfull \hbox (6.91203pt too wide) in paragraph at lines 1194--1194
[]|\TU/lmr/m/n/10 1423555_a_at|  
 []


Overfull \hbox (6.91203pt too wide) in paragraph at lines 1195--1196
[]|\TU/lmr/m/n/10 1423555_a_at|  
 []


Overfull \hbox (5.85204pt too wide) in paragraph at lines 1214--1214
[]|\TU/lmr/m/n/10 1422557_s_at|  
 []


Overfull \hbox (5.85204pt too wide) in paragraph at lines 1215--1216
[]|\TU/lmr/m/n/10 1422557_s_at|  
 []


Overfull \hbox (5.85204pt too wide) in paragraph at lines 1222--1222
[]|\TU/lmr/m/n/10 1421596_s_at|  
 []


Overfull \hbox (5.85204pt too wide) in paragraph at lines 1223--1224
[]|\TU/lmr/m/n/10 1421596_s_at|  
 []


Overfull \hbox (6.91203pt too wide) in paragraph at lines 1226--1226
[]|\TU/lmr/m/n/10 1451310_a_at|  
 []


Overfull \hbox (6.91203pt too wide) in paragraph at lines 1227--1228
[]|\TU/lmr/m/n/10 1451310_a_at|  
 []


Overfull \hbox (6.91203pt too wide) in paragraph at lines 1260--1260
[]|\TU/lmr/m/n/10 1431808_a_at|  
 []


Overfull \hbox (6.91203pt too wide) in paragraph at lines 1261--1262
[]|\TU/lmr/m/n/10 1431808_a_at|  
 []


Overfull \hbox (6.91203pt too wide) in paragraph at lines 1266--1266
[]|\TU/lmr/m/n/10 1417950_a_at|  
 []


Overfull \hbox (6.91203pt too wide) in paragraph at lines 1267--1268
[]|\TU/lmr/m/n/10 1417950_a_at|  
 []


Overfull \hbox (7.19203pt too wide) in paragraph at lines 1272--1272
[]|\TU/lmr/m/n/10 1449326_x_at|  
 []


Overfull \hbox (7.19203pt too wide) in paragraph at lines 1273--1274
[]|\TU/lmr/m/n/10 1449326_x_at|  
 []


Overfull \hbox (6.91203pt too wide) in paragraph at lines 1274--1274
[]|\TU/lmr/m/n/10 1455093_a_at|  
 []


Overfull \hbox (6.91203pt too wide) in paragraph at lines 1275--1276
[]|\TU/lmr/m/n/10 1455093_a_at|  
 []


Overfull \hbox (6.91203pt too wide) in paragraph at lines 1282--1282
[]|\TU/lmr/m/n/10 1448764_a_at|  
 []


Overfull \hbox (6.91203pt too wide) in paragraph at lines 1283--1284
[]|\TU/lmr/m/n/10 1448764_a_at|  
 []


Overfull \hbox (6.91203pt too wide) in paragraph at lines 1284--1284
[]|\TU/lmr/m/n/10 1420484_a_at|  
 []


Overfull \hbox (6.91203pt too wide) in paragraph at lines 1285--1286
[]|\TU/lmr/m/n/10 1420484_a_at|  
 []


Overfull \hbox (6.91203pt too wide) in paragraph at lines 1288--1288
[]|\TU/lmr/m/n/10 1418771_a_at|  
 []


Overfull \hbox (6.91203pt too wide) in paragraph at lines 1289--1290
[]|\TU/lmr/m/n/10 1418771_a_at|  
 []


Overfull \hbox (7.19203pt too wide) in paragraph at lines 1294--1294
[]|\TU/lmr/m/n/10 1418282_x_at|  
 []


Overfull \hbox (7.19203pt too wide) in paragraph at lines 1295--1296
[]|\TU/lmr/m/n/10 1418282_x_at|  
 []


Overfull \hbox (7.19203pt too wide) in paragraph at lines 1304--1304
[]|\TU/lmr/m/n/10 1455913_x_at|  
 []


Overfull \hbox (7.19203pt too wide) in paragraph at lines 1305--1306
[]|\TU/lmr/m/n/10 1455913_x_at|  
 []


Overfull \hbox (6.91203pt too wide) in paragraph at lines 1308--1308
[]|\TU/lmr/m/n/10 1419232_a_at|  
 []


Overfull \hbox (6.91203pt too wide) in paragraph at lines 1309--1310
[]|\TU/lmr/m/n/10 1419232_a_at|  
 []

[17] [18] [19]
Overfull \hbox (6.91203pt too wide) in paragraph at lines 1386--1386
[]|\TU/lmr/m/n/10 1427747_a_at|  
 []


Overfull \hbox (6.91203pt too wide) in paragraph at lines 1387--1388
[]|\TU/lmr/m/n/10 1427747_a_at|  
 []


Overfull \hbox (6.91203pt too wide) in paragraph at lines 1396--1396
[]|\TU/lmr/m/n/10 1419681_a_at|  
 []


Overfull \hbox (6.91203pt too wide) in paragraph at lines 1397--1398
[]|\TU/lmr/m/n/10 1419681_a_at|  
 []


Overfull \hbox (6.91203pt too wide) in paragraph at lines 1398--1398
[]|\TU/lmr/m/n/10 1436419_a_at|  
 []


Overfull \hbox (6.91203pt too wide) in paragraph at lines 1399--1400
[]|\TU/lmr/m/n/10 1436419_a_at|  
 []


Overfull \hbox (5.85204pt too wide) in paragraph at lines 1406--1406
[]|\TU/lmr/m/n/10 1447806_s_at|  
 []


Overfull \hbox (5.85204pt too wide) in paragraph at lines 1407--1408
[]|\TU/lmr/m/n/10 1447806_s_at|  
 []


Overfull \hbox (7.19203pt too wide) in paragraph at lines 1412--1412
[]|\TU/lmr/m/n/10 1453181_x_at|  
 []


Overfull \hbox (7.19203pt too wide) in paragraph at lines 1413--1414
[]|\TU/lmr/m/n/10 1453181_x_at|  
 []


Overfull \hbox (5.85204pt too wide) in paragraph at lines 1414--1414
[]|\TU/lmr/m/n/10 1426775_s_at|  
 []


Overfull \hbox (5.85204pt too wide) in paragraph at lines 1415--1416
[]|\TU/lmr/m/n/10 1426775_s_at|  
 []


Overfull \hbox (6.91203pt too wide) in paragraph at lines 1428--1428
[]|\TU/lmr/m/n/10 1419647_a_at|  
 []


Overfull \hbox (6.91203pt too wide) in paragraph at lines 1429--1430
[]|\TU/lmr/m/n/10 1419647_a_at|  
 []


Overfull \hbox (6.91203pt too wide) in paragraph at lines 1434--1434
[]|\TU/lmr/m/n/10 1425289_a_at|  
 []


Overfull \hbox (6.91203pt too wide) in paragraph at lines 1435--1436
[]|\TU/lmr/m/n/10 1425289_a_at|  
 []


Overfull \hbox (6.91203pt too wide) in paragraph at lines 1470--1470
[]|\TU/lmr/m/n/10 1427844_a_at|  
 []


Overfull \hbox (6.91203pt too wide) in paragraph at lines 1471--1472
[]|\TU/lmr/m/n/10 1427844_a_at|  
 []


Overfull \hbox (6.91203pt too wide) in paragraph at lines 1474--1474
[]|\TU/lmr/m/n/10 1426112_a_at|  
 []


Overfull \hbox (6.91203pt too wide) in paragraph at lines 1475--1476
[]|\TU/lmr/m/n/10 1426112_a_at|  
 []


Overfull \hbox (6.91203pt too wide) in paragraph at lines 1490--1490
[]|\TU/lmr/m/n/10 1426170_a_at|  
 []


Overfull \hbox (6.91203pt too wide) in paragraph at lines 1491--1492
[]|\TU/lmr/m/n/10 1426170_a_at|  
 []


Overfull \hbox (6.91203pt too wide) in paragraph at lines 1496--1496
[]|\TU/lmr/m/n/10 1425951_a_at|  
 []


Overfull \hbox (6.91203pt too wide) in paragraph at lines 1497--1498
[]|\TU/lmr/m/n/10 1425951_a_at|  
 []


Overfull \hbox (5.85204pt too wide) in paragraph at lines 1510--1510
[]|\TU/lmr/m/n/10 1419907_s_at|  
 []


Overfull \hbox (5.85204pt too wide) in paragraph at lines 1511--1512
[]|\TU/lmr/m/n/10 1419907_s_at|  
 []


Overfull \hbox (6.91203pt too wide) in paragraph at lines 1512--1512
[]|\TU/lmr/m/n/10 1416381_a_at|  
 []


Overfull \hbox (6.91203pt too wide) in paragraph at lines 1513--1514
[]|\TU/lmr/m/n/10 1416381_a_at|  
 []


Overfull \hbox (6.91203pt too wide) in paragraph at lines 1518--1518
[]|\TU/lmr/m/n/10 1450357_a_at|  
 []


Overfull \hbox (6.91203pt too wide) in paragraph at lines 1519--1520
[]|\TU/lmr/m/n/10 1450357_a_at|  
 []


Overfull \hbox (6.91203pt too wide) in paragraph at lines 1528--1528
[]|\TU/lmr/m/n/10 1437270_a_at|  
 []


Overfull \hbox (6.91203pt too wide) in paragraph at lines 1529--1530
[]|\TU/lmr/m/n/10 1437270_a_at|  
 []


Overfull \hbox (6.91203pt too wide) in paragraph at lines 1530--1530
[]|\TU/lmr/m/n/10 1427442_a_at|  
 []


Overfull \hbox (6.91203pt too wide) in paragraph at lines 1531--1532
[]|\TU/lmr/m/n/10 1427442_a_at|  
 []


Overfull \hbox (7.19203pt too wide) in paragraph at lines 1536--1536
[]|\TU/lmr/m/n/10 1455940_x_at|  
 []


Overfull \hbox (7.19203pt too wide) in paragraph at lines 1537--1538
[]|\TU/lmr/m/n/10 1455940_x_at|  
 []


Overfull \hbox (7.19203pt too wide) in paragraph at lines 1548--1548
[]|\TU/lmr/m/n/10 1437277_x_at|  
 []


Overfull \hbox (7.19203pt too wide) in paragraph at lines 1549--1550
[]|\TU/lmr/m/n/10 1437277_x_at|  
 []


Overfull \hbox (7.19203pt too wide) in paragraph at lines 1554--1554
[]|\TU/lmr/m/n/10 1455899_x_at|  
 []


Overfull \hbox (7.19203pt too wide) in paragraph at lines 1555--1556
[]|\TU/lmr/m/n/10 1455899_x_at|  
 []


Overfull \hbox (6.91203pt too wide) in paragraph at lines 1562--1562
[]|\TU/lmr/m/n/10 1450350_a_at|  
 []


Overfull \hbox (6.91203pt too wide) in paragraph at lines 1563--1564
[]|\TU/lmr/m/n/10 1450350_a_at|  
 []


Overfull \hbox (7.19203pt too wide) in paragraph at lines 1568--1568
[]|\TU/lmr/m/n/10 1438164_x_at|  
 []


Overfull \hbox (7.19203pt too wide) in paragraph at lines 1569--1570
[]|\TU/lmr/m/n/10 1438164_x_at|  
 []


Overfull \hbox (6.91203pt too wide) in paragraph at lines 1584--1584
[]|\TU/lmr/m/n/10 1421375_a_at|  
 []


Overfull \hbox (6.91203pt too wide) in paragraph at lines 1585--1586
[]|\TU/lmr/m/n/10 1421375_a_at|  
 []


Overfull \hbox (6.91203pt too wide) in paragraph at lines 1594--1594
[]|\TU/lmr/m/n/10 1419406_a_at|  
 []


Overfull \hbox (6.91203pt too wide) in paragraph at lines 1595--1596
[]|\TU/lmr/m/n/10 1419406_a_at|  
 []


Overfull \hbox (7.19203pt too wide) in paragraph at lines 1602--1602
[]|\TU/lmr/m/n/10 1455019_x_at|  
 []


Overfull \hbox (7.19203pt too wide) in paragraph at lines 1603--1604
[]|\TU/lmr/m/n/10 1455019_x_at|  
 []


Overfull \hbox (7.19203pt too wide) in paragraph at lines 1608--1608
[]|\TU/lmr/m/n/10 1452463_x_at|  
 []


Overfull \hbox (7.19203pt too wide) in paragraph at lines 1609--1610
[]|\TU/lmr/m/n/10 1452463_x_at|  
 []


Overfull \hbox (6.91203pt too wide) in paragraph at lines 1618--1618
[]|\TU/lmr/m/n/10 1424936_a_at|  
 []


Overfull \hbox (6.91203pt too wide) in paragraph at lines 1619--1620
[]|\TU/lmr/m/n/10 1424936_a_at|  
 []


Overfull \hbox (6.91203pt too wide) in paragraph at lines 1620--1620
[]|\TU/lmr/m/n/10 1425895_a_at|  
 []


Overfull \hbox (6.91203pt too wide) in paragraph at lines 1621--1622
[]|\TU/lmr/m/n/10 1425895_a_at|  
 []


Overfull \hbox (6.91203pt too wide) in paragraph at lines 1628--1628
[]|\TU/lmr/m/n/10 1451190_a_at|  
 []


Overfull \hbox (6.91203pt too wide) in paragraph at lines 1629--1630
[]|\TU/lmr/m/n/10 1451190_a_at|  
 []


Overfull \hbox (6.91203pt too wide) in paragraph at lines 1634--1634
[]|\TU/lmr/m/n/10 1421211_a_at|  
 []


Overfull \hbox (6.91203pt too wide) in paragraph at lines 1635--1636
[]|\TU/lmr/m/n/10 1421211_a_at|  
 []


Overfull \hbox (6.91203pt too wide) in paragraph at lines 1642--1642
[]|\TU/lmr/m/n/10 1450570_a_at|  
 []


Overfull \hbox (6.91203pt too wide) in paragraph at lines 1643--1644
[]|\TU/lmr/m/n/10 1450570_a_at|  
 []


Overfull \hbox (5.85204pt too wide) in paragraph at lines 1646--1646
[]|\TU/lmr/m/n/10 1419599_s_at|  
 []


Overfull \hbox (5.85204pt too wide) in paragraph at lines 1647--1648
[]|\TU/lmr/m/n/10 1419599_s_at|  
 []


Overfull \hbox (6.91203pt too wide) in paragraph at lines 1658--1658
[]|\TU/lmr/m/n/10 1452521_a_at|  
 []


Overfull \hbox (6.91203pt too wide) in paragraph at lines 1659--1660
[]|\TU/lmr/m/n/10 1452521_a_at|  
 []


Overfull \hbox (6.91203pt too wide) in paragraph at lines 1662--1662
[]|\TU/lmr/m/n/10 1419186_a_at|  
 []


Overfull \hbox (6.91203pt too wide) in paragraph at lines 1663--1664
[]|\TU/lmr/m/n/10 1419186_a_at|  
 []


Overfull \hbox (6.91203pt too wide) in paragraph at lines 1672--1672
[]|\TU/lmr/m/n/10 1450826_a_at|  
 []


Overfull \hbox (6.91203pt too wide) in paragraph at lines 1673--1674
[]|\TU/lmr/m/n/10 1450826_a_at|  
 []


Overfull \hbox (7.19203pt too wide) in paragraph at lines 1678--1678
[]|\TU/lmr/m/n/10 1433966_x_at|  
 []


Overfull \hbox (7.19203pt too wide) in paragraph at lines 1679--1680
[]|\TU/lmr/m/n/10 1433966_x_at|  
 []


Overfull \hbox (5.85204pt too wide) in paragraph at lines 1682--1682
[]|\TU/lmr/m/n/10 1426725_s_at|  
 []


Overfull \hbox (5.85204pt too wide) in paragraph at lines 1683--1684
[]|\TU/lmr/m/n/10 1426725_s_at|  
 []


Overfull \hbox (6.91203pt too wide) in paragraph at lines 1706--1706
[]|\TU/lmr/m/n/10 1425396_a_at|  
 []


Overfull \hbox (6.91203pt too wide) in paragraph at lines 1707--1708
[]|\TU/lmr/m/n/10 1425396_a_at|  
 []


Overfull \hbox (5.85204pt too wide) in paragraph at lines 1720--1720
[]|\TU/lmr/m/n/10 1457666_s_at|  
 []


Overfull \hbox (5.85204pt too wide) in paragraph at lines 1721--1722
[]|\TU/lmr/m/n/10 1457666_s_at|  
 []


Overfull \hbox (5.85204pt too wide) in paragraph at lines 1724--1724
[]|\TU/lmr/m/n/10 1454713_s_at|  
 []


Overfull \hbox (5.85204pt too wide) in paragraph at lines 1725--1726
[]|\TU/lmr/m/n/10 1454713_s_at|  
 []


Overfull \hbox (6.91203pt too wide) in paragraph at lines 1732--1732
[]|\TU/lmr/m/n/10 1425519_a_at|  
 []


Overfull \hbox (6.91203pt too wide) in paragraph at lines 1733--1734
[]|\TU/lmr/m/n/10 1425519_a_at|  
 []


Overfull \hbox (6.91203pt too wide) in paragraph at lines 1736--1736
[]|\TU/lmr/m/n/10 1451021_a_at|  
 []


Overfull \hbox (6.91203pt too wide) in paragraph at lines 1737--1738
[]|\TU/lmr/m/n/10 1451021_a_at|  
 []


Overfull \hbox (5.85204pt too wide) in paragraph at lines 1742--1742
[]|\TU/lmr/m/n/10 1422892_s_at|  
 []


Overfull \hbox (5.85204pt too wide) in paragraph at lines 1743--1744
[]|\TU/lmr/m/n/10 1422892_s_at|  
 []


Overfull \hbox (6.91203pt too wide) in paragraph at lines 1744--1744
[]|\TU/lmr/m/n/10 1429947_a_at|  
 []


Overfull \hbox (6.91203pt too wide) in paragraph at lines 1745--1746
[]|\TU/lmr/m/n/10 1429947_a_at|  
 []


Overfull \hbox (5.85204pt too wide) in paragraph at lines 1752--1752
[]|\TU/lmr/m/n/10 1426640_s_at|  
 []


Overfull \hbox (5.85204pt too wide) in paragraph at lines 1753--1754
[]|\TU/lmr/m/n/10 1426640_s_at|  
 []


Overfull \hbox (5.85204pt too wide) in paragraph at lines 1762--1762
[]|\TU/lmr/m/n/10 1452431_s_at|  
 []


Overfull \hbox (5.85204pt too wide) in paragraph at lines 1763--1764
[]|\TU/lmr/m/n/10 1452431_s_at|  
 []


Overfull \hbox (6.91203pt too wide) in paragraph at lines 1766--1766
[]|\TU/lmr/m/n/10 1416021_a_at|  
 []


Overfull \hbox (6.91203pt too wide) in paragraph at lines 1767--1768
[]|\TU/lmr/m/n/10 1416021_a_at|  
 []


Overfull \hbox (7.19203pt too wide) in paragraph at lines 1784--1784
[]|\TU/lmr/m/n/10 1437226_x_at|  
 []


Overfull \hbox (7.19203pt too wide) in paragraph at lines 1785--1786
[]|\TU/lmr/m/n/10 1437226_x_at|  
 []


Overfull \hbox (6.91203pt too wide) in paragraph at lines 1796--1796
[]|\TU/lmr/m/n/10 1416514_a_at|  
 []


Overfull \hbox (6.91203pt too wide) in paragraph at lines 1797--1798
[]|\TU/lmr/m/n/10 1416514_a_at|  
 []


Overfull \hbox (6.91203pt too wide) in paragraph at lines 1798--1798
[]|\TU/lmr/m/n/10 1450424_a_at|  
 []


Overfull \hbox (6.91203pt too wide) in paragraph at lines 1799--1800
[]|\TU/lmr/m/n/10 1450424_a_at|  
 []


Overfull \hbox (6.91203pt too wide) in paragraph at lines 1804--1804
[]|\TU/lmr/m/n/10 1415897_a_at|  
 []


Overfull \hbox (6.91203pt too wide) in paragraph at lines 1805--1806
[]|\TU/lmr/m/n/10 1415897_a_at|  
 []


Overfull \hbox (6.91203pt too wide) in paragraph at lines 1810--1810
[]|\TU/lmr/m/n/10 1419043_a_at|  
 []


Overfull \hbox (6.91203pt too wide) in paragraph at lines 1811--1812
[]|\TU/lmr/m/n/10 1419043_a_at|  
 []


Overfull \hbox (5.85204pt too wide) in paragraph at lines 1818--1818
[]|\TU/lmr/m/n/10 1418204_s_at|  
 []


Overfull \hbox (5.85204pt too wide) in paragraph at lines 1819--1820
[]|\TU/lmr/m/n/10 1418204_s_at|  
 []


Overfull \hbox (7.19203pt too wide) in paragraph at lines 1822--1822
[]|\TU/lmr/m/n/10 1435906_x_at|  
 []


Overfull \hbox (7.19203pt too wide) in paragraph at lines 1823--1824
[]|\TU/lmr/m/n/10 1435906_x_at|  
 []


Overfull \hbox (6.91203pt too wide) in paragraph at lines 1826--1826
[]|\TU/lmr/m/n/10 1453196_a_at|  
 []


Overfull \hbox (6.91203pt too wide) in paragraph at lines 1827--1828
[]|\TU/lmr/m/n/10 1453196_a_at|  
 []


Overfull \hbox (6.91203pt too wide) in paragraph at lines 1830--1830
[]|\TU/lmr/m/n/10 1451310_a_at|  
 []


Overfull \hbox (6.91203pt too wide) in paragraph at lines 1831--1832
[]|\TU/lmr/m/n/10 1451310_a_at|  
 []


Overfull \hbox (5.85204pt too wide) in paragraph at lines 1832--1832
[]|\TU/lmr/m/n/10 1422557_s_at|  
 []


Overfull \hbox (5.85204pt too wide) in paragraph at lines 1833--1834
[]|\TU/lmr/m/n/10 1422557_s_at|  
 []


Overfull \hbox (6.91203pt too wide) in paragraph at lines 1836--1836
[]|\TU/lmr/m/n/10 1453239_a_at|  
 []


Overfull \hbox (6.91203pt too wide) in paragraph at lines 1837--1838
[]|\TU/lmr/m/n/10 1453239_a_at|  
 []


Overfull \hbox (6.91203pt too wide) in paragraph at lines 1846--1846
[]|\TU/lmr/m/n/10 1426851_a_at|  
 []


Overfull \hbox (6.91203pt too wide) in paragraph at lines 1847--1848
[]|\TU/lmr/m/n/10 1426851_a_at|  
 []


Overfull \hbox (6.91203pt too wide) in paragraph at lines 1852--1852
[]|\TU/lmr/m/n/10 1460197_a_at|  
 []


Overfull \hbox (6.91203pt too wide) in paragraph at lines 1853--1854
[]|\TU/lmr/m/n/10 1460197_a_at|  
 []

[20] [21] [22] [23] [24]
Overfull \hbox (6.91203pt too wide) in paragraph at lines 1914--1914
[]|\TU/lmr/m/n/10 1427747_a_at|  
 []


Overfull \hbox (6.91203pt too wide) in paragraph at lines 1915--1916
[]|\TU/lmr/m/n/10 1427747_a_at|  
 []


Overfull \hbox (6.91203pt too wide) in paragraph at lines 1916--1916
[]|\TU/lmr/m/n/10 1419681_a_at|  
 []


Overfull \hbox (6.91203pt too wide) in paragraph at lines 1917--1918
[]|\TU/lmr/m/n/10 1419681_a_at|  
 []


Overfull \hbox (6.91203pt too wide) in paragraph at lines 1922--1922
[]|\TU/lmr/m/n/10 1436419_a_at|  
 []


Overfull \hbox (6.91203pt too wide) in paragraph at lines 1923--1924
[]|\TU/lmr/m/n/10 1436419_a_at|  
 []


Overfull \hbox (5.85204pt too wide) in paragraph at lines 1928--1928
[]|\TU/lmr/m/n/10 1447806_s_at|  
 []


Overfull \hbox (5.85204pt too wide) in paragraph at lines 1929--1930
[]|\TU/lmr/m/n/10 1447806_s_at|  
 []


Overfull \hbox (6.91203pt too wide) in paragraph at lines 1948--1948
[]|\TU/lmr/m/n/10 1425289_a_at|  
 []


Overfull \hbox (6.91203pt too wide) in paragraph at lines 1949--1950
[]|\TU/lmr/m/n/10 1425289_a_at|  
 []


Overfull \hbox (5.85204pt too wide) in paragraph at lines 1956--1956
[]|\TU/lmr/m/n/10 1419907_s_at|  
 []


Overfull \hbox (5.85204pt too wide) in paragraph at lines 1957--1958
[]|\TU/lmr/m/n/10 1419907_s_at|  
 []


Overfull \hbox (6.91203pt too wide) in paragraph at lines 1970--1970
[]|\TU/lmr/m/n/10 1450357_a_at|  
 []


Overfull \hbox (6.91203pt too wide) in paragraph at lines 1971--1972
[]|\TU/lmr/m/n/10 1450357_a_at|  
 []


Overfull \hbox (7.19203pt too wide) in paragraph at lines 1976--1976
[]|\TU/lmr/m/n/10 1455940_x_at|  
 []


Overfull \hbox (7.19203pt too wide) in paragraph at lines 1977--1978
[]|\TU/lmr/m/n/10 1455940_x_at|  
 []


Overfull \hbox (7.19203pt too wide) in paragraph at lines 1988--1988
[]|\TU/lmr/m/n/10 1433966_x_at|  
 []


Overfull \hbox (7.19203pt too wide) in paragraph at lines 1989--1990
[]|\TU/lmr/m/n/10 1433966_x_at|  
 []


Overfull \hbox (7.19203pt too wide) in paragraph at lines 1998--1998
[]|\TU/lmr/m/n/10 1453181_x_at|  
 []


Overfull \hbox (7.19203pt too wide) in paragraph at lines 1999--2000
[]|\TU/lmr/m/n/10 1453181_x_at|  
 []


Overfull \hbox (6.91203pt too wide) in paragraph at lines 2018--2018
[]|\TU/lmr/m/n/10 1419406_a_at|  
 []


Overfull \hbox (6.91203pt too wide) in paragraph at lines 2019--2020
[]|\TU/lmr/m/n/10 1419406_a_at|  
 []


Overfull \hbox (6.91203pt too wide) in paragraph at lines 2026--2026
[]|\TU/lmr/m/n/10 1426112_a_at|  
 []


Overfull \hbox (6.91203pt too wide) in paragraph at lines 2027--2028
[]|\TU/lmr/m/n/10 1426112_a_at|  
 []


Overfull \hbox (7.19203pt too wide) in paragraph at lines 2032--2032
[]|\TU/lmr/m/n/10 1452463_x_at|  
 []


Overfull \hbox (7.19203pt too wide) in paragraph at lines 2033--2034
[]|\TU/lmr/m/n/10 1452463_x_at|  
 []


Overfull \hbox (6.91203pt too wide) in paragraph at lines 2036--2036
[]|\TU/lmr/m/n/10 1426170_a_at|  
 []


Overfull \hbox (6.91203pt too wide) in paragraph at lines 2037--2038
[]|\TU/lmr/m/n/10 1426170_a_at|  
 []


Overfull \hbox (6.91203pt too wide) in paragraph at lines 2042--2042
[]|\TU/lmr/m/n/10 1437270_a_at|  
 []


Overfull \hbox (6.91203pt too wide) in paragraph at lines 2043--2044
[]|\TU/lmr/m/n/10 1437270_a_at|  
 []


Overfull \hbox (6.91203pt too wide) in paragraph at lines 2052--2052
[]|\TU/lmr/m/n/10 1451190_a_at|  
 []


Overfull \hbox (6.91203pt too wide) in paragraph at lines 2053--2054
[]|\TU/lmr/m/n/10 1451190_a_at|  
 []


Overfull \hbox (6.91203pt too wide) in paragraph at lines 2068--2068
[]|\TU/lmr/m/n/10 1425519_a_at|  
 []


Overfull \hbox (6.91203pt too wide) in paragraph at lines 2069--2070
[]|\TU/lmr/m/n/10 1425519_a_at|  
 []


Overfull \hbox (6.91203pt too wide) in paragraph at lines 2072--2072
[]|\TU/lmr/m/n/10 1450570_a_at|  
 []


Overfull \hbox (6.91203pt too wide) in paragraph at lines 2073--2074
[]|\TU/lmr/m/n/10 1450570_a_at|  
 []


Overfull \hbox (6.91203pt too wide) in paragraph at lines 2080--2080
[]|\TU/lmr/m/n/10 1419647_a_at|  
 []


Overfull \hbox (6.91203pt too wide) in paragraph at lines 2081--2082
[]|\TU/lmr/m/n/10 1419647_a_at|  
 []


Overfull \hbox (6.91203pt too wide) in paragraph at lines 2092--2092
[]|\TU/lmr/m/n/10 1425951_a_at|  
 []


Overfull \hbox (6.91203pt too wide) in paragraph at lines 2093--2094
[]|\TU/lmr/m/n/10 1425951_a_at|  
 []


Overfull \hbox (6.91203pt too wide) in paragraph at lines 2094--2094
[]|\TU/lmr/m/n/10 1427329_a_at|  
 []


Overfull \hbox (6.91203pt too wide) in paragraph at lines 2095--2096
[]|\TU/lmr/m/n/10 1427329_a_at|  
 []


Overfull \hbox (6.91203pt too wide) in paragraph at lines 2096--2096
[]|\TU/lmr/m/n/10 1450826_a_at|  
 []


Overfull \hbox (6.91203pt too wide) in paragraph at lines 2097--2098
[]|\TU/lmr/m/n/10 1450826_a_at|  
 []


Overfull \hbox (5.85204pt too wide) in paragraph at lines 2102--2102
[]|\TU/lmr/m/n/10 1452431_s_at|  
 []


Overfull \hbox (5.85204pt too wide) in paragraph at lines 2103--2104
[]|\TU/lmr/m/n/10 1452431_s_at|  
 []


Overfull \hbox (5.85204pt too wide) in paragraph at lines 2108--2108
[]|\TU/lmr/m/n/10 1422892_s_at|  
 []


Overfull \hbox (5.85204pt too wide) in paragraph at lines 2109--2110
[]|\TU/lmr/m/n/10 1422892_s_at|  
 []


Overfull \hbox (5.85204pt too wide) in paragraph at lines 2114--2114
[]|\TU/lmr/m/n/10 1426640_s_at|  
 []


Overfull \hbox (5.85204pt too wide) in paragraph at lines 2115--2116
[]|\TU/lmr/m/n/10 1426640_s_at|  
 []


Overfull \hbox (5.85204pt too wide) in paragraph at lines 2122--2122
[]|\TU/lmr/m/n/10 1426725_s_at|  
 []


Overfull \hbox (5.85204pt too wide) in paragraph at lines 2123--2124
[]|\TU/lmr/m/n/10 1426725_s_at|  
 []


Overfull \hbox (6.91203pt too wide) in paragraph at lines 2134--2134
[]|\TU/lmr/m/n/10 1451721_a_at|  
 []


Overfull \hbox (6.91203pt too wide) in paragraph at lines 2135--2136
[]|\TU/lmr/m/n/10 1451721_a_at|  
 []


Overfull \hbox (5.85204pt too wide) in paragraph at lines 2156--2156
[]|\TU/lmr/m/n/10 1419599_s_at|  
 []


Overfull \hbox (5.85204pt too wide) in paragraph at lines 2157--2158
[]|\TU/lmr/m/n/10 1419599_s_at|  
 []


Overfull \hbox (5.85204pt too wide) in paragraph at lines 2162--2162
[]|\TU/lmr/m/n/10 1430523_s_at|  
 []


Overfull \hbox (5.85204pt too wide) in paragraph at lines 2163--2164
[]|\TU/lmr/m/n/10 1430523_s_at|  
 []


Overfull \hbox (7.19203pt too wide) in paragraph at lines 2174--2174
[]|\TU/lmr/m/n/10 1436759_x_at|  
 []


Overfull \hbox (7.19203pt too wide) in paragraph at lines 2175--2176
[]|\TU/lmr/m/n/10 1436759_x_at|  
 []


Overfull \hbox (5.85204pt too wide) in paragraph at lines 2178--2178
[]|\TU/lmr/m/n/10 1418204_s_at|  
 []


Overfull \hbox (5.85204pt too wide) in paragraph at lines 2179--2180
[]|\TU/lmr/m/n/10 1418204_s_at|  
 []


Overfull \hbox (6.91203pt too wide) in paragraph at lines 2182--2182
[]|\TU/lmr/m/n/10 1453196_a_at|  
 []


Overfull \hbox (6.91203pt too wide) in paragraph at lines 2183--2184
[]|\TU/lmr/m/n/10 1453196_a_at|  
 []

[25] [26] [27]

[28]
LaTeX Font Info:    Font shape `TU/lmtt/bx/n' in size <10> not available
(Font)              Font shape `TU/lmtt/b/n' tried instead on input line 2213.

LaTeX Font Warning: Font shape `TU/lmtt/bx/it' in size <10> not available
(Font)              Font shape `TU/lmtt/b/sl' tried instead on input line 2380.



[29]
Underfull \vbox (badness 10000) detected at line 2814
 []


Underfull \vbox (badness 10000) detected at line 2814
 []



[30]
Underfull \vbox (badness 10000) detected at line 2814
 []


Underfull \vbox (badness 10000) detected at line 2814
 []



[31]
Underfull \vbox (badness 10000) detected at line 2814
 []


Underfull \vbox (badness 10000) detected at line 2814
 []



[32]
Underfull \vbox (badness 10000) detected at line 2814
 []


Underfull \vbox (badness 10000) detected at line 2814
 []



[33]
Underfull \vbox (badness 10000) detected at line 2814
 []


Underfull \vbox (badness 10000) detected at line 2814
 []



[34]
Underfull \vbox (badness 10000) detected at line 2814
 []


Underfull \vbox (badness 10000) detected at line 2814
 []



[35]
Underfull \vbox (badness 10000) detected at line 2814
 []


Underfull \vbox (badness 10000) detected at line 2814
 []



[36]
Underfull \vbox (badness 10000) detected at line 2814
 []


Underfull \vbox (badness 10000) detected at line 2814
 []



[37]
Underfull \vbox (badness 10000) detected at line 2814
 []


Underfull \vbox (badness 10000) detected at line 2814
 []



[38]
Underfull \vbox (badness 10000) detected at line 2814
 []


Underfull \vbox (badness 10000) detected at line 2814
 []



[39]

[40] (./Rodrigalvarez-Chamarro-MariadelaVega-PEC2.aux)
 ***********
LaTeX2e <2024-11-01> patch level 1
L3 programming layer <2024-11-02>
 ***********

LaTeX Warning: There were multiply-defined labels.

 ) 
Here is how much of TeX's memory you used:
 17809 strings out of 475938
 340424 string characters out of 5775036
 1205361 words of memory out of 5000000
 40392 multiletter control sequences out of 15000+600000
 564536 words of font info for 91 fonts, out of 8000000 for 9000
 14 hyphenation exceptions out of 8191
 90i,7n,123p,755b,490s stack positions out of 10000i,1000n,20000p,200000b,200000s

Output written on Rodrigalvarez-Chamarro-MariadelaVega-PEC2.pdf (40 pages).
